0 info it worked if it ends with ok
1 verbose cli [ '/usr/local/bin/node', '/usr/local/bin/npm', 'publish' ]
2 info using npm@3.10.3
3 info using node@v6.4.0
4 verbose publish [ '.' ]
5 silly cache add args [ '.', null ]
6 verbose cache add spec .
7 silly cache add parsed spec Result {
7 silly cache add   raw: '.',
7 silly cache add   scope: null,
7 silly cache add   escapedName: null,
7 silly cache add   name: null,
7 silly cache add   rawSpec: '.',
7 silly cache add   spec: '/Users/safeimuslim/Documents/MY-NPM-PACKAGE/react-loading-component',
7 silly cache add   type: 'directory' }
8 verbose addLocalDirectory /Users/safeimuslim/.npm/react-loading-component/1.0.1/package.tgz not in flight; packing
9 verbose correctMkdir /Users/safeimuslim/.npm correctMkdir not in flight; initializing
10 info lifecycle react-loading-component@1.0.1~prepublish: react-loading-component@1.0.1
11 silly lifecycle react-loading-component@1.0.1~prepublish: no script for prepublish, continuing
12 verbose tar pack [ '/Users/safeimuslim/.npm/react-loading-component/1.0.1/package.tgz',
12 verbose tar pack   '/Users/safeimuslim/Documents/MY-NPM-PACKAGE/react-loading-component' ]
13 verbose tarball /Users/safeimuslim/.npm/react-loading-component/1.0.1/package.tgz
14 verbose folder /Users/safeimuslim/Documents/MY-NPM-PACKAGE/react-loading-component
15 verbose addLocalTarball adding from inside cache /Users/safeimuslim/.npm/react-loading-component/1.0.1/package.tgz
16 verbose correctMkdir /Users/safeimuslim/.npm correctMkdir not in flight; initializing
17 silly cache afterAdd react-loading-component@1.0.1
18 verbose afterAdd /Users/safeimuslim/.npm/react-loading-component/1.0.1/package/package.json not in flight; writing
19 verbose correctMkdir /Users/safeimuslim/.npm correctMkdir not in flight; initializing
20 verbose afterAdd /Users/safeimuslim/.npm/react-loading-component/1.0.1/package/package.json written
21 silly publish { name: 'react-loading-component',
21 silly publish   version: '1.0.1',
21 silly publish   description: 'customable react loading component',
21 silly publish   main: 'build/index.js',
21 silly publish   scripts:
21 silly publish    { test: 'echo "Error: no test specified" && exit 1',
21 silly publish      start: 'webpack --watch',
21 silly publish      build: 'webpack' },
21 silly publish   repository:
21 silly publish    { type: 'git',
21 silly publish      url: 'git+https://github.com/safeimuslim/react-loading.git' },
21 silly publish   keywords: [ 'react', 'loading', 'svg' ],
21 silly publish   author:
21 silly publish    { name: 'Safei Muslim',
21 silly publish      email: 'safeydev@gmail.com',
21 silly publish      url: 'http://www.safeimuslim.com' },
21 silly publish   license: 'ISC',
21 silly publish   bugs: { url: 'https://github.com/safeimuslim/react-loading/issues' },
21 silly publish   homepage: 'https://github.com/safeimuslim/react-loading#readme',
21 silly publish   dependencies: { react: '^15.4.0', 'react-dom': '^15.4.0', webpack: '^3.8.1' },
21 silly publish   devDependencies:
21 silly publish    { 'babel-cli': '^6.26.0',
21 silly publish      'babel-core': '^6.26.0',
21 silly publish      'babel-loader': '^7.1.2',
21 silly publish      'babel-plugin-transform-object-rest-spread': '^6.26.0',
21 silly publish      'babel-plugin-transform-react-jsx': '^6.24.1',
21 silly publish      'babel-preset-env': '^1.6.1' },
21 silly publish   readme: '# react-loading-component\ncustomable your react loading component\n',
21 silly publish   readmeFilename: 'README.md',
21 silly publish   gitHead: 'cd4b38eb36f369a8c5a7b452097dde269d687692',
21 silly publish   _id: 'react-loading-component@1.0.1',
21 silly publish   _shasum: '09a7320e450fb21bac507154fa93e90e854923e5',
21 silly publish   _from: '.' }
22 verbose getPublishConfig undefined
23 silly mapToRegistry name react-loading-component
24 silly mapToRegistry using default registry
25 silly mapToRegistry registry https://registry.npmjs.org/
26 silly mapToRegistry data Result {
26 silly mapToRegistry   raw: 'react-loading-component',
26 silly mapToRegistry   scope: null,
26 silly mapToRegistry   escapedName: 'react-loading-component',
26 silly mapToRegistry   name: 'react-loading-component',
26 silly mapToRegistry   rawSpec: '',
26 silly mapToRegistry   spec: 'latest',
26 silly mapToRegistry   type: 'tag' }
27 silly mapToRegistry uri https://registry.npmjs.org/react-loading-component
28 verbose publish registryBase https://registry.npmjs.org/
29 silly publish uploading /Users/safeimuslim/.npm/react-loading-component/1.0.1/package.tgz
30 verbose request uri https://registry.npmjs.org/react-loading-component
31 verbose request sending authorization for write operation
32 info attempt registry request try #1 at 6:23:16 PM
33 verbose request using bearer token for auth
34 verbose request id c6ea94ad5f2544a9
35 http request PUT https://registry.npmjs.org/react-loading-component
36 http 403 https://registry.npmjs.org/react-loading-component
37 verbose headers { 'content-type': 'application/json',
37 verbose headers   'cache-control': 'max-age=300',
37 verbose headers   'content-length': '117',
37 verbose headers   'accept-ranges': 'bytes',
37 verbose headers   date: 'Fri, 10 Nov 2017 11:17:32 GMT',
37 verbose headers   via: '1.1 varnish',
37 verbose headers   connection: 'keep-alive',
37 verbose headers   'x-served-by': 'cache-sin18020-SIN',
37 verbose headers   'x-cache': 'MISS',
37 verbose headers   'x-cache-hits': '0',
37 verbose headers   'x-timer': 'S1510312652.081904,VS0,VE485',
37 verbose headers   vary: 'Accept-Encoding, Accept' }
38 verbose request invalidating /Users/safeimuslim/.npm/registry.npmjs.org/react-loading-component on PUT
39 error publish Failed PUT 403
40 verbose stack Error: You do not have permission to publish "react-loading-component". Are you logged in as the correct user? : react-loading-component
40 verbose stack     at makeError (/usr/local/lib/node_modules/npm/node_modules/npm-registry-client/lib/request.js:264:12)
40 verbose stack     at CachingRegistryClient.<anonymous> (/usr/local/lib/node_modules/npm/node_modules/npm-registry-client/lib/request.js:252:14)
40 verbose stack     at Request._callback (/usr/local/lib/node_modules/npm/node_modules/npm-registry-client/lib/request.js:172:14)
40 verbose stack     at Request.self.callback (/usr/local/lib/node_modules/npm/node_modules/request/request.js:200:22)
40 verbose stack     at emitTwo (events.js:106:13)
40 verbose stack     at Request.emit (events.js:191:7)
40 verbose stack     at Request.<anonymous> (/usr/local/lib/node_modules/npm/node_modules/request/request.js:1067:10)
40 verbose stack     at emitOne (events.js:101:20)
40 verbose stack     at Request.emit (events.js:188:7)
40 verbose stack     at IncomingMessage.<anonymous> (/usr/local/lib/node_modules/npm/node_modules/request/request.js:988:12)
41 verbose statusCode 403
42 verbose pkgid react-loading-component
43 verbose cwd /Users/safeimuslim/Documents/MY-NPM-PACKAGE/react-loading-component
44 error Darwin 16.5.0
45 error argv "/usr/local/bin/node" "/usr/local/bin/npm" "publish"
46 error node v6.4.0
47 error npm  v3.10.3
48 error code E403
49 error You do not have permission to publish "react-loading-component". Are you logged in as the correct user? : react-loading-component
50 error If you need help, you may report this error at:
50 error     <https://github.com/npm/npm/issues>
51 verbose exit [ 1, true ]
